Performing C SOURCE FILE Test CMAKE_HAVE_LIBC_PTHREAD failed with the following output:
Change Dir: /home/light/code/src/IV-based-on-SEAL/build/CMakeFiles/CMakeTmp

Run Build Command(s):/usr/bin/gmake -f Makefile cmTC_b1fdb/fast && /usr/bin/gmake  -f CMakeFiles/cmTC_b1fdb.dir/build.make CMakeFiles/cmTC_b1fdb.dir/build
gmake[1]: Entering directory `/home/light/code/src/IV-based-on-SEAL/build/CMakeFiles/CMakeTmp'
Building C object CMakeFiles/cmTC_b1fdb.dir/src.c.o
/opt/rh/devtoolset-10/root/usr/bin/x86_64-redhat-linux-gcc-10 -DCMAKE_HAVE_LIBC_PTHREAD   -o CMakeFiles/cmTC_b1fdb.dir/src.c.o -c /home/light/code/src/IV-based-on-SEAL/build/CMakeFiles/CMakeTmp/src.c
Linking C executable cmTC_b1fdb
/usr/local/bin/cmake -E cmake_link_script CMakeFiles/cmTC_b1fdb.dir/link.txt --verbose=1
/opt/rh/devtoolset-10/root/usr/bin/x86_64-redhat-linux-gcc-10 CMakeFiles/cmTC_b1fdb.dir/src.c.o -o cmTC_b1fdb 
/opt/rh/devtoolset-10/root/usr/libexec/gcc/x86_64-redhat-linux/10/ld: CMakeFiles/cmTC_b1fdb.dir/src.c.o: in function `main':
src.c:(.text+0x2d): undefined reference to `pthread_create'
/opt/rh/devtoolset-10/root/usr/libexec/gcc/x86_64-redhat-linux/10/ld: src.c:(.text+0x39): undefined reference to `pthread_detach'
/opt/rh/devtoolset-10/root/usr/libexec/gcc/x86_64-redhat-linux/10/ld: src.c:(.text+0x45): undefined reference to `pthread_cancel'
/opt/rh/devtoolset-10/root/usr/libexec/gcc/x86_64-redhat-linux/10/ld: src.c:(.text+0x56): undefined reference to `pthread_join'
/opt/rh/devtoolset-10/root/usr/libexec/gcc/x86_64-redhat-linux/10/ld: src.c:(.text+0x6a): undefined reference to `pthread_atfork'
collect2: error: ld returned 1 exit status
gmake[1]: *** [cmTC_b1fdb] Error 1
gmake[1]: Leaving directory `/home/light/code/src/IV-based-on-SEAL/build/CMakeFiles/CMakeTmp'
gmake: *** [cmTC_b1fdb/fast] Error 2


Source file was:
#include <pthread.h>

static void* test_func(void* data)
{
  return data;
}

int main(void)
{
  pthread_t thread;
  pthread_create(&thread, NULL, test_func, NULL);
  pthread_detach(thread);
  pthread_cancel(thread);
  pthread_join(thread, NULL);
  pthread_atfork(NULL, NULL, NULL);
  pthread_exit(NULL);

  return 0;
}

